Arguments: 
  /usr/local/bin/node /usr/local/bin/yarn

PATH: 
  /opt/homebrew/opt/php@8.1/bin:/opt/homebrew/opt/php@8.0/bin:/Users/otrex/.rd/bin:/opt/homebrew/bin:/opt/homebrew/sbin:/usr/local/bin:/usr/bin:/bin:/usr/sbin:/sbin:/Applications/VMware Fusion Tech Preview.app/Contents/Public:/usr/local/go/bin:/usr/local/share/dotnet:~/.dotnet/tools:/Library/Apple/usr/bin:/opt/homebrew/opt/php@8.1/bin:/opt/homebrew/opt/php@8.0/bin:/Users/otrex/.rd/bin:/opt/homebrew/bin:/opt/homebrew/sbin:/Users/otrex/Library/Android/sdk/emulator:/Users/otrex/Library/Android/sdk/platform-tools:/Users/otrex/Library/Android/sdk/emulator:/Users/otrex/Library/Android/sdk/platform-tools

Yarn version: 
  1.22.19

Node version: 
  16.17.0

Platform: 
  darwin arm64

Trace: 
  Error: Client network socket disconnected before secure TLS connection was established
      at connResetException (node:internal/errors:704:14)
      at TLSSocket.onConnectEnd (node:_tls_wrap:1590:19)
      at TLSSocket.emit (node:events:525:35)
      at endReadableNT (node:internal/streams/readable:1358:12)
      at processTicksAndRejections (node:internal/process/task_queues:83:21)

npm manifest: 
  {
    "name": "vvvebjs",
    "description": "Drag and drop website builder javascript library",
    "version": "0.0.1",
    "author": "Ziadin Givan",
    "license": "Apache-2.0",
    "homepage": "https://www.vvveb.com/vvvebjs/editor.html",
    "main": "libs/builder/builder.js",
    "repository": {
      "type": "git",
      "url": "https://github.com/givanz/VvvebJs.git"
    },
    "dependencies": {
      "express": "^4.18.2",
      "jquery": "^3.0"
    },
    "keywords": [
      "vvvebjs",
      "drag-drop",
      "drag&drop",
      "drag",
      "drop",
      "wysiwyg",
      "web",
      "template",
      "editor",
      "site",
      "builder"
    ],
    "scripts": {
      "gulp": "gulp",
      "test": "echo \"Error: no test specified\" && exit 1"
    },
    "devDependencies": {
      "gulp": "^4.0.2",
      "gulp-file-include": "^2.3.0",
      "gulp-format-html": "^1.2.5",
      "gulp-sass": "^5.1.0",
      "node-sass": "^8.0.0",
      "sass": "^1.60.0"
    }
  }

yarn manifest: 
  No manifest

Lockfile: 
  No lockfile
